0 info it worked if it ends with ok
1 verbose cli [ 'C:\\Program Files\\nodejs\\node.exe',
1 verbose cli   'C:\\Program Files\\nodejs\\node_modules\\npm\\bin\\npm-cli.js',
1 verbose cli   'publish' ]
2 info using npm@3.8.9
3 info using node@v6.2.0
4 verbose publish [ '.' ]
5 silly cache add args [ '.', null ]
6 verbose cache add spec .
7 silly cache add parsed spec Result {
7 silly cache add   raw: '.',
7 silly cache add   scope: null,
7 silly cache add   name: null,
7 silly cache add   rawSpec: '.',
7 silly cache add   spec: 'C:\\Programs\\Apache24\\www\\mrControls\\mrHeader',
7 silly cache add   type: 'directory' }
8 verbose addLocalDirectory C:\Users\I311849\AppData\Roaming\npm-cache\mr-header\1.2.0\package.tgz not in flight; packing
9 verbose correctMkdir C:\Users\I311849\AppData\Roaming\npm-cache correctMkdir not in flight; initializing
10 info lifecycle mr-header@1.2.0~prepublish: mr-header@1.2.0
11 silly lifecycle mr-header@1.2.0~prepublish: no script for prepublish, continuing
12 verbose tar pack [ 'C:\\Users\\I311849\\AppData\\Roaming\\npm-cache\\mr-header\\1.2.0\\package.tgz',
12 verbose tar pack   'C:\\Programs\\Apache24\\www\\mrControls\\mrHeader' ]
13 verbose tarball C:\Users\I311849\AppData\Roaming\npm-cache\mr-header\1.2.0\package.tgz
14 verbose folder C:\Programs\Apache24\www\mrControls\mrHeader
15 verbose addLocalTarball adding from inside cache C:\Users\I311849\AppData\Roaming\npm-cache\mr-header\1.2.0\package.tgz
16 verbose correctMkdir C:\Users\I311849\AppData\Roaming\npm-cache correctMkdir not in flight; initializing
17 silly cache afterAdd mr-header@1.2.0
18 verbose afterAdd C:\Users\I311849\AppData\Roaming\npm-cache\mr-header\1.2.0\package\package.json not in flight; writing
19 verbose correctMkdir C:\Users\I311849\AppData\Roaming\npm-cache correctMkdir not in flight; initializing
20 verbose afterAdd C:\Users\I311849\AppData\Roaming\npm-cache\mr-header\1.2.0\package\package.json written
21 silly publish { name: 'mr-header',
21 silly publish   version: '1.2.0',
21 silly publish   description: 'angular control directives',
21 silly publish   dependencies: { angular: '^1.5.0', 'bootstrap-sass': '^3.3.6' },
21 silly publish   devDependencies:
21 silly publish    { grunt: '^0.4.5',
21 silly publish      'grunt-contrib-clean': '^0.7.0',
21 silly publish      'grunt-contrib-concat': '^0.5.1',
21 silly publish      'grunt-contrib-copy': '^0.8.1',
21 silly publish      'grunt-contrib-sass': '^0.9.2',
21 silly publish      'grunt-contrib-uglify': '^0.11.0',
21 silly publish      'grunt-contrib-watch': '^0.6.1',
21 silly publish      'grunt-copy-dependencies': '^1.3.10',
21 silly publish      'grunt-html2js': '^0.3.5',
21 silly publish      sass: '^0.5.0' },
21 silly publish   scripts: {},
21 silly publish   repository:
21 silly publish    { type: 'git',
21 silly publish      url: 'git+ssh://git@github.com/mrControls/mrHeader.git' },
21 silly publish   keywords: [ 'angular', 'modules', 'directives', 'header', 'mr' ],
21 silly publish   author: { name: 'manu.r1993@gmail.com' },
21 silly publish   license: 'GPL-3.0',
21 silly publish   bugs: { url: 'https://github.com/mrControls/mrHeader/issues' },
21 silly publish   homepage: 'https://github.com/mrControls/mrHeader#readme',
21 silly publish   gitHead: 'c261159c4165109e039f8f36dbe4355d4131767a',
21 silly publish   readme: 'ERROR: No README data found!',
21 silly publish   _id: 'mr-header@1.2.0',
21 silly publish   _shasum: 'de171d1466425610a0d1783f72c5f7137cc38665',
21 silly publish   _from: '.' }
22 verbose getPublishConfig undefined
23 silly mapToRegistry name mr-header
24 silly mapToRegistry using default registry
25 silly mapToRegistry registry https://registry.npmjs.org/
26 silly mapToRegistry data Result {
26 silly mapToRegistry   raw: 'mr-header',
26 silly mapToRegistry   scope: null,
26 silly mapToRegistry   name: 'mr-header',
26 silly mapToRegistry   rawSpec: '',
26 silly mapToRegistry   spec: 'latest',
26 silly mapToRegistry   type: 'tag' }
27 silly mapToRegistry uri https://registry.npmjs.org/mr-header
28 verbose publish registryBase https://registry.npmjs.org/
29 silly publish uploading C:\Users\I311849\AppData\Roaming\npm-cache\mr-header\1.2.0\package.tgz
30 verbose request uri https://registry.npmjs.org/mr-header
31 verbose request sending authorization for write operation
32 info attempt registry request try #1 at 4:55:16 PM
33 verbose request using bearer token for auth
34 verbose request id 7397970e5b19af00
35 http request PUT https://registry.npmjs.org/mr-header
36 info retry will retry, error on last attempt: Error: connect ECONNABORTED 151.101.12.162:443
37 info attempt registry request try #2 at 4:55:36 PM
38 verbose request using bearer token for auth
39 http request PUT https://registry.npmjs.org/mr-header
40 http 403 https://registry.npmjs.org/mr-header
41 verbose headers { 'content-type': 'application/json',
41 verbose headers   'cache-control': 'max-age=300',
41 verbose headers   'content-length': '95',
41 verbose headers   'accept-ranges': 'bytes',
41 verbose headers   date: 'Wed, 27 Jul 2016 11:25:47 GMT',
41 verbose headers   via: '1.1 varnish',
41 verbose headers   connection: 'keep-alive',
41 verbose headers   'x-served-by': 'cache-sin6927-SIN',
41 verbose headers   'x-cache': 'MISS',
41 verbose headers   'x-cache-hits': '0',
41 verbose headers   'x-timer': 'S1469618745.389733,VS0,VE1673',
41 verbose headers   vary: 'Accept-Encoding' }
42 verbose request invalidating C:\Users\I311849\AppData\Roaming\npm-cache\registry.npmjs.org\mr-header on PUT
43 error publish Failed PUT 403
44 verbose stack Error: "You cannot publish over the previously published version 1.2.0." : mr-header
44 verbose stack     at makeError (C:\Program Files\nodejs\node_modules\npm\node_modules\npm-registry-client\lib\request.js:264:12)
44 verbose stack     at CachingRegistryClient.<anonymous> (C:\Program Files\nodejs\node_modules\npm\node_modules\npm-registry-client\lib\request.js:252:14)
44 verbose stack     at Request._callback (C:\Program Files\nodejs\node_modules\npm\node_modules\npm-registry-client\lib\request.js:172:14)
44 verbose stack     at Request.self.callback (C:\Program Files\nodejs\node_modules\npm\node_modules\request\request.js:200:22)
44 verbose stack     at emitTwo (events.js:106:13)
44 verbose stack     at Request.emit (events.js:191:7)
44 verbose stack     at Request.<anonymous> (C:\Program Files\nodejs\node_modules\npm\node_modules\request\request.js:1067:10)
44 verbose stack     at emitOne (events.js:101:20)
44 verbose stack     at Request.emit (events.js:188:7)
44 verbose stack     at IncomingMessage.<anonymous> (C:\Program Files\nodejs\node_modules\npm\node_modules\request\request.js:988:12)
45 verbose statusCode 403
46 verbose pkgid mr-header
47 verbose cwd C:\Programs\Apache24\www\mrControls\mrHeader
48 error Windows_NT 10.0.10240
49 error argv "C:\\Program Files\\nodejs\\node.exe" "C:\\Program Files\\nodejs\\node_modules\\npm\\bin\\npm-cli.js" "publish"
50 error node v6.2.0
51 error npm  v3.8.9
52 error code E403
53 error "You cannot publish over the previously published version 1.2.0." : mr-header
54 error If you need help, you may report this error at:
54 error     <https://github.com/npm/npm/issues>
55 verbose exit [ 1, true ]
